<?xml version="1.0" encoding="UTF-8"?>
<!-- Generated by org.testng.reporters.JUnitReportReporter -->
<testsuite skipped="0" hostname="DESKTOP-KCCH660" name="TestRunner.CucumberRunner$CucumberRunnerTests" tests="1" failures="0" timestamp="2023-05-05T17:30:43 BDT" time="42.683" errors="0">
  <testcase name="runScenario" time="42.683" classname="TestRunner.CucumberRunner$CucumberRunnerTests"/>
  <system-out/>
</testsuite> <!-- TestRunner.CucumberRunner$CucumberRunnerTests -->
